<?xml version="1.0" encoding="UTF-8"?>
<testsuite name="com.detroitlabs.MuderMystery.data.DealManagerTest" tests="16" skipped="0" failures="0" errors="0" timestamp="2022-04-07T18:20:45" hostname="Elissas-MacBook-Pro.local" time="0.051">
  <properties/>
  <testcase name="checkNextHandMatchAll()" classname="com.detroitlabs.MuderMystery.data.DealManagerTest" time="0.017"/>
  <testcase name="dealHands()" classname="com.detroitlabs.MuderMystery.data.DealManagerTest" time="0.001"/>
  <testcase name="checkNextHandMatchPeople()" classname="com.detroitlabs.MuderMystery.data.DealManagerTest" time="0.001"/>
  <testcase name="clearDeck()" classname="com.detroitlabs.MuderMystery.data.DealManagerTest" time="0.001"/>
  <testcase name="getDie()" classname="com.detroitlabs.MuderMystery.data.DealManagerTest" time="0.014"/>
  <testcase name="checkNextHandMatchWeapon()" classname="com.detroitlabs.MuderMystery.data.DealManagerTest" time="0.001"/>
  <testcase name="createEnvelope()" classname="com.detroitlabs.MuderMystery.data.DealManagerTest" time="0.001"/>
  <testcase name="checkNextHandMatchLocation()" classname="com.detroitlabs.MuderMystery.data.DealManagerTest" time="0.001"/>
  <testcase name="setDie()" classname="com.detroitlabs.MuderMystery.data.DealManagerTest" time="0.001"/>
  <testcase name="should_create_envelope()" classname="com.detroitlabs.MuderMystery.data.DealManagerTest" time="0.005"/>
  <testcase name="checkEnvelopeMatch()" classname="com.detroitlabs.MuderMystery.data.DealManagerTest" time="0.001"/>
  <testcase name="createDeck()" classname="com.detroitlabs.MuderMystery.data.DealManagerTest" time="0.0"/>
  <testcase name="rollDie()" classname="com.detroitlabs.MuderMystery.data.DealManagerTest" time="0.0"/>
  <testcase name="clearCompareHand()" classname="com.detroitlabs.MuderMystery.data.DealManagerTest" time="0.0"/>
  <testcase name="returns_name_of_people_card()" classname="com.detroitlabs.MuderMystery.data.DealManagerTest" time="0.001"/>
  <testcase name="getPlayerHand()" classname="com.detroitlabs.MuderMystery.data.DealManagerTest" time="0.0"/>
  <system-out><![CDATA[]]></system-out>
  <system-err><![CDATA[]]></system-err>
</testsuite>
